<?xml version="1.0" encoding="UTF-8"?>
<!-- Generated by org.testng.reporters.JUnitReportReporter -->
<testsuite skipped="0" hostname="Tejomayis-MBP" name="RestAssuredDemo.RestAssuredProject.Test01_GET" tests="1" failures="0" timestamp="2021-05-07T10:01:34 CDT" time="2.122" errors="0">
  <testcase name="Test_01" time="2.122" classname="RestAssuredDemo.RestAssuredProject.Test01_GET"/>
  <system-out/>
</testsuite> <!-- RestAssuredDemo.RestAssuredProject.Test01_GET -->
