<?xml version="1.0" encoding="UTF-8"?>
<!-- Generated by org.testng.reporters.JUnitReportReporter -->
<testsuite skipped="0" hostname="Tejomayis-MBP" name="RestAssuredDemo.RestAssuredProject.RestAssuredAPITest" tests="3" failures="0" timestamp="2021-05-09T21:55:02 CDT" time="7.542" errors="0">
  <testcase name="Test_01" time="4.648" classname="RestAssuredDemo.RestAssuredProject.RestAssuredAPITest"/>
  <system-out/>
  <testcase name="Test_02" time="1.372" classname="RestAssuredDemo.RestAssuredProject.RestAssuredAPITest"/>
  <system-out/>
  <testcase name="Test_03" time="1.522" classname="RestAssuredDemo.RestAssuredProject.RestAssuredAPITest"/>
  <system-out/>
</testsuite> <!-- RestAssuredDemo.RestAssuredProject.RestAssuredAPITest -->
