<?xml version="1.0" encoding="UTF-8"?>
<!-- Generated by org.testng.reporters.JUnitReportReporter -->
<testsuite skipped="0" hostname="Tejomayis-MBP" name="RestAssuredDemo.RestAssuredProject.RestAPITest" tests="3" failures="0" timestamp="2021-05-09T21:27:24 CDT" time="5.171" errors="0">
  <testcase name="Test_01" time="2.857" classname="RestAssuredDemo.RestAssuredProject.RestAPITest"/>
  <system-out/>
  <testcase name="Test_02" time="1.140" classname="RestAssuredDemo.RestAssuredProject.RestAPITest"/>
  <system-out/>
  <testcase name="Test_03" time="1.174" classname="RestAssuredDemo.RestAssuredProject.RestAPITest"/>
  <system-out/>
</testsuite> <!-- RestAssuredDemo.RestAssuredProject.RestAPITest -->
